Arguments: 
  /home/isaiah30/.nvm/versions/node/v15.6.0/bin/node /usr/share/yarn/bin/yarn.js add @material-ui

PATH: 
  /home/isaiah30/.nvm/versions/node/v15.6.0/bin:/home/isaiah30/.rbenv/shims:/home/isaiah30/.rbenv/bin:/home/isaiah30/.rbenv/shims:/home/isaiah30/.rbenv/bin:/usr/local/sbin:/usr/local/bin:/usr/sbin:/usr/bin:/sbin:/bin:/usr/games:/usr/local/games:/mnt/c/Program Files/WindowsApps/CanonicalGroupLimited.Ubuntu18.04onWindows_1804.2020.824.0_x64__79rhkp1fndgsc:/mnt/c/WINDOWS/system32:/mnt/c/WINDOWS:/mnt/c/WINDOWS/System32/Wbem:/mnt/c/WINDOWS/System32/WindowsPowerShell/v1.0/:/mnt/c/WINDOWS/System32/OpenSSH/:/mnt/c/Program Files/nodejs/:/mnt/c/Program Files/Git/cmd:/mnt/c/Users/Isaiah/AppData/Local/Microsoft/WindowsApps:/mnt/c/Users/Isaiah/AppData/Local/Programs/Microsoft VS Code/bin:/mnt/c/Users/Isaiah/AppData/Roaming/npm:/mnt/c/Users/Isaiah/AppData/Local/GitHubDesktop/bin:/snap/bin

Yarn version: 
  1.22.5

Node version: 
  15.6.0

Platform: 
  linux x64

Trace: 
  Error: https://registry.npmjs.com/@material-ui: Request "https://registry.npmjs.com/@material-ui" returned a 405
      at Request.params.callback [as _callback] (/usr/share/yarn/lib/cli.js:66997:18)
      at Request.self.callback (/usr/share/yarn/lib/cli.js:140749:22)
      at Request.emit (node:events:379:20)
      at Request.<anonymous> (/usr/share/yarn/lib/cli.js:141721:10)
      at Request.emit (node:events:379:20)
      at IncomingMessage.<anonymous> (/usr/share/yarn/lib/cli.js:141643:12)
      at Object.onceWrapper (node:events:485:28)
      at IncomingMessage.emit (node:events:391:22)
      at endReadableNT (node:internal/streams/readable:1307:12)
      at processTicksAndRejections (node:internal/process/task_queues:81:21)

npm manifest: 
  {
    "name": "estore",
    "engines": {
      "node": "15.6.0",
      "yarn": "1.22.5"
    },
    "scripts": {
      "build": "yarn --cwd client install && yarn --cwd client build",
      "deploy": "cp -a client/build/. public/",
      "heroku-postbuild": "yarn build && yarn deploy"
    },
    "dependencies": {}
  }

yarn manifest: 
  No manifest

Lockfile: 
  # THIS IS AN AUTOGENERATED FILE. DO NOT EDIT THIS FILE DIRECTLY.
  # yarn lockfile v1
